<?xml version="1.0" encoding="UTF-8"?>
<!-- Generated by org.testng.reporters.JUnitXMLReporter -->
<testsuite ignored="0" hostname="DESKTOP-GVDRRO4" failures="0" tests="1" name="Test" time="9.281" errors="0" timestamp="2023-08-08T12:55:21 IST">
  <testcase classname="nop_test_05.Amz_TC_500" name="@BeforeMethod loginto_Amazon" time="0.003">
    <failure type="java.lang.NullPointerException">
      <![CDATA[java.lang.NullPointerException
at org.openqa.selenium.support.pagefactory.DefaultElementLocator.findElement(DefaultElementLocator.java:68)
at org.openqa.selenium.support.pagefactory.internal.LocatingElementHandler.invoke(LocatingElementHandler.java:38)
at com.sun.proxy.$Proxy16.click(Unknown Source)
at nop_pom_04.homepage.clickon_homelogin(homepage.java:23)
at nop_test_05.Amz_TC_500.loginto_Amazon(Amz_TC_500.java:25)
at java.base/java.util.ArrayList.forEach(ArrayList.java:1541)
... Removed 31 stack frames]]>
    </failure>
  </testcase> <!-- @BeforeMethod loginto_Amazon -->
  <testcase classname="nop_test_05.Amz_TC_500" name="login" time="0.001">
    <skipped/>
  </testcase> <!-- login -->
</testsuite> <!-- Test -->
