<?xml version="1.0" encoding="UTF-8"?>
<testng-results ignored="0" total="1" passed="1" failed="0" skipped="0">
  <reporter-output>
  </reporter-output>
  <suite started-at="2023-08-07T12:14:59 IST" name="Default suite" finished-at="2023-08-07T12:15:13 IST" duration-ms="14182">
    <groups>
    </groups>
    <test started-at="2023-08-07T12:14:59 IST" name="Default test" finished-at="2023-08-07T12:15:13 IST" duration-ms="14182">
      <class name="BaseClass.Baseclass">
        <test-method signature="lounchingBrowser()[pri:0, instance:BaseClass.Baseclass@7f485fda]" started-at="2023-08-07T12:14:59 IST" name="lounchingBrowser" finished-at="2023-08-07T12:15:13 IST" duration-ms="14024" status="PASS">
          <reporter-output>
          </reporter-output>
        </test-method> <!-- lounchingBrowser -->
      </class> <!-- BaseClass.Baseclass -->
    </test> <!-- Default test -->
  </suite> <!-- Default suite -->
</testng-results>
